# JRE version: Java(TM) SE Runtime Environment (8.0_121-b13) (build 1.8.0_121-b13)
# Java VM: Java HotSpot(TM) 64-Bit Server VM (25.121-b13 mixed mode windows-amd64 compressed oops)
Heap:
 PSYoungGen      total 186368K, used 56406K [0x000000076b500000, 0x0000000777e80000, 0x00000007c0000000)
  eden space 171520K, 25% used [0x000000076b500000,0x000000076dff5718,0x0000000775c80000)
  from space 14848K, 83% used [0x0000000777000000,0x0000000777c20210,0x0000000777e80000)
  to   space 17408K, 0% used [0x0000000775c80000,0x0000000775c80000,0x0000000776d80000)
 ParOldGen       total 190976K, used 23128K [0x00000006c1e00000, 0x00000006cd880000, 0x000000076b500000)
  object space 190976K, 12% used [0x00000006c1e00000,0x00000006c3496358,0x00000006cd880000)
 Metaspace       used 50111K, capacity 50518K, committed 50816K, reserved 1093632K
  class space    used 6584K, capacity 6688K, committed 6784K, reserved 1048576K
GC Heap History (10 events):
Event: 3.111 GC heap before
{Heap before GC invocations=6 (full 1):
 PSYoungGen      total 97280K, used 97191K [0x000000076b500000, 0x0000000774480000, 0x00000007c0000000)
  eden space 92160K, 100% used [0x000000076b500000,0x0000000770f00000,0x0000000770f00000)
  from space 5120K, 98% used [0x0000000773f80000,0x0000000774469d98,0x0000000774480000)
  to   space 10752K, 0% used [0x0000000772f80000,0x0000000772f80000,0x0000000773a00000)
 ParOldGen       total 111616K, used 9075K [0x00000006c1e00000, 0x00000006c8b00000, 0x000000076b500000)
  object space 111616K, 8% used [0x00000006c1e00000,0x00000006c26dceb8,0x00000006c8b00000)
 Metaspace       used 28525K, capacity 28888K, committed 29056K, reserved 1075200K
  class space    used 3547K, capacity 3657K, committed 3712K, reserved 1048576K
Event: 3.121 GC heap after
Heap after GC invocations=6 (full 1):
 PSYoungGen      total 136192K, used 10734K [0x000000076b500000, 0x0000000774e00000, 0x00000007c0000000)
  eden space 125440K, 0% used [0x000000076b500000,0x000000076b500000,0x0000000772f80000)
  from space 10752K, 99% used [0x0000000772f80000,0x00000007739fbb10,0x0000000773a00000)
  to   space 12800K, 0% used [0x0000000774180000,0x0000000774180000,0x0000000774e00000)
 ParOldGen       total 111616K, used 10174K [0x00000006c1e00000, 0x00000006c8b00000, 0x000000076b500000)
  object space 111616K, 9% used [0x00000006c1e00000,0x00000006c27ef948,0x00000006c8b00000)
 Metaspace       used 28525K, capacity 28888K, committed 29056K, reserved 1075200K
  class space    used 3547K, capacity 3657K, committed 3712K, reserved 1048576K
}
Event: 3.758 GC heap before
{Heap before GC invocations=7 (full 1):
 PSYoungGen      total 136192K, used 103058K [0x000000076b500000, 0x0000000774e00000, 0x00000007c0000000)
  eden space 125440K, 73% used [0x000000076b500000,0x0000000770f28d18,0x0000000772f80000)
  from space 10752K, 99% used [0x0000000772f80000,0x00000007739fbb10,0x0000000773a00000)
  to   space 12800K, 0% used [0x0000000774180000,0x0000000774180000,0x0000000774e00000)
 ParOldGen       total 111616K, used 10174K [0x00000006c1e00000, 0x00000006c8b00000, 0x000000076b500000)
  object space 111616K, 9% used [0x00000006c1e00000,0x00000006c27ef948,0x00000006c8b00000)
 Metaspace       used 35012K, capacity 35356K, committed 35456K, reserved 1081344K
  class space    used 4382K, capacity 4463K, committed 4480K, reserved 1048576K
Event: 3.767 GC heap after
Heap after GC invocations=7 (full 1):
 PSYoungGen      total 139776K, used 12785K [0x000000076b500000, 0x0000000778480000, 0x00000007c0000000)
  eden space 126976K, 0% used [0x000000076b500000,0x000000076b500000,0x0000000773100000)
  from space 12800K, 99% used [0x0000000774180000,0x0000000774dfc500,0x0000000774e00000)
  to   space 16896K, 0% used [0x0000000773100000,0x0000000773100000,0x0000000774180000)
 ParOldGen       total 111616K, used 14376K [0x00000006c1e00000, 0x00000006c8b00000, 0x000000076b500000)
  object space 111616K, 12% used [0x00000006c1e00000,0x00000006c2c0a040,0x00000006c8b00000)
 Metaspace       used 35012K, capacity 35356K, committed 35456K, reserved 1081344K
  class space    used 4382K, capacity 4463K, committed 4480K, reserved 1048576K
}
Event: 3.767 GC heap before
{Heap before GC invocations=8 (full 2):
 PSYoungGen      total 139776K, used 12785K [0x000000076b500000, 0x0000000778480000, 0x00000007c0000000)
  eden space 126976K, 0% used [0x000000076b500000,0x000000076b500000,0x0000000773100000)
  from space 12800K, 99% used [0x0000000774180000,0x0000000774dfc500,0x0000000774e00000)
  to   space 16896K, 0% used [0x0000000773100000,0x0000000773100000,0x0000000774180000)
 ParOldGen       total 111616K, used 14376K [0x00000006c1e00000, 0x00000006c8b00000, 0x000000076b500000)
  object space 111616K, 12% used [0x00000006c1e00000,0x00000006c2c0a040,0x00000006c8b00000)
 Metaspace       used 35012K, capacity 35356K, committed 35456K, reserved 1081344K
  class space    used 4382K, capacity 4463K, committed 4480K, reserved 1048576K
Event: 3.817 GC heap after
Heap after GC invocations=8 (full 2):
 PSYoungGen      total 139776K, used 0K [0x000000076b500000, 0x0000000778480000, 0x00000007c0000000)
  eden space 126976K, 0% used [0x000000076b500000,0x000000076b500000,0x0000000773100000)
  from space 12800K, 0% used [0x0000000774180000,0x0000000774180000,0x0000000774e00000)
  to   space 16896K, 0% used [0x0000000773100000,0x0000000773100000,0x0000000774180000)
 ParOldGen       total 190976K, used 23112K [0x00000006c1e00000, 0x00000006cd880000, 0x000000076b500000)
  object space 190976K, 12% used [0x00000006c1e00000,0x00000006c3492358,0x00000006cd880000)
 Metaspace       used 35012K, capacity 35356K, committed 35456K, reserved 1081344K
  class space    used 4382K, capacity 4463K, committed 4480K, reserved 1048576K
}
Event: 5.056 GC heap before
{Heap before GC invocations=9 (full 2):
 PSYoungGen      total 139776K, used 126976K [0x000000076b500000, 0x0000000778480000, 0x00000007c0000000)
  eden space 126976K, 100% used [0x000000076b500000,0x0000000773100000,0x0000000773100000)
  from space 12800K, 0% used [0x0000000774180000,0x0000000774180000,0x0000000774e00000)
  to   space 16896K, 0% used [0x0000000773100000,0x0000000773100000,0x0000000774180000)
 ParOldGen       total 190976K, used 23112K [0x00000006c1e00000, 0x00000006cd880000, 0x000000076b500000)
  object space 190976K, 12% used [0x00000006c1e00000,0x00000006c3492358,0x00000006cd880000)
 Metaspace       used 45307K, capacity 45710K, committed 45952K, reserved 1089536K
  class space    used 5893K, capacity 6008K, committed 6016K, reserved 1048576K
Event: 5.066 GC heap after
Heap after GC invocations=9 (full 2):
 PSYoungGen      total 143872K, used 13018K [0x000000076b500000, 0x0000000778100000, 0x00000007c0000000)
  eden space 126976K, 0% used [0x000000076b500000,0x000000076b500000,0x0000000773100000)
  from space 16896K, 77% used [0x0000000773100000,0x0000000773db69d0,0x0000000774180000)
  to   space 17408K, 0% used [0x0000000777000000,0x0000000777000000,0x0000000778100000)
 ParOldGen       total 190976K, used 23120K [0x00000006c1e00000, 0x00000006cd880000, 0x000000076b500000)
  object space 190976K, 12% used [0x00000006c1e00000,0x00000006c3494358,0x00000006cd880000)
 Metaspace       used 45307K, capacity 45710K, committed 45952K, reserved 1089536K
  class space    used 5893K, capacity 6008K, committed 6016K, reserved 1048576K
}
Event: 6.031 GC heap before
{Heap before GC invocations=10 (full 2):
 PSYoungGen      total 143872K, used 139994K [0x000000076b500000, 0x0000000778100000, 0x00000007c0000000)
  eden space 126976K, 100% used [0x000000076b500000,0x0000000773100000,0x0000000773100000)
  from space 16896K, 77% used [0x0000000773100000,0x0000000773db69d0,0x0000000774180000)
  to   space 17408K, 0% used [0x0000000777000000,0x0000000777000000,0x0000000778100000)
 ParOldGen       total 190976K, used 23120K [0x00000006c1e00000, 0x00000006cd880000, 0x000000076b500000)
  object space 190976K, 12% used [0x00000006c1e00000,0x00000006c3494358,0x00000006cd880000)
 Metaspace       used 49284K, capacity 49714K, committed 49920K, reserved 1093632K
  class space    used 6473K, capacity 6590K, committed 6656K, reserved 1048576K
Event: 6.039 GC heap after
Heap after GC invocations=10 (full 2):
 PSYoungGen      total 186368K, used 12416K [0x000000076b500000, 0x0000000777e80000, 0x00000007c0000000)
  eden space 171520K, 0% used [0x000000076b500000,0x000000076b500000,0x0000000775c80000)
  from space 14848K, 83% used [0x0000000777000000,0x0000000777c20210,0x0000000777e80000)
  to   space 17408K, 0% used [0x0000000775c80000,0x0000000775c80000,0x0000000776d80000)
 ParOldGen       total 190976K, used 23128K [0x00000006c1e00000, 0x00000006cd880000, 0x000000076b500000)
  object space 190976K, 12% used [0x00000006c1e00000,0x00000006c3496358,0x00000006cd880000)
 Metaspace       used 49284K, capacity 49714K, committed 49920K, reserved 1093632K
  class space    used 6473K, capacity 6590K, committed 6656K, reserved 1048576K
}

